<?xml version="1.0" encoding="UTF-8"?>
<coverage generated="1667756587851" clover="3.2.0">
  <project timestamp="1667756587851" name="All files">
    <metrics statements="21" coveredstatements="9" conditionals="12" coveredconditionals="2" methods="14" coveredmethods="8" elements="47" coveredelements="19" complexity="0" loc="21" ncloc="21" packages="2" files="10" classes="10"/>
    <package name="src">
      <metrics statements="9" coveredstatements="1" conditionals="8" coveredconditionals="0" methods="4" coveredmethods="1"/>
      <file name="App.js" path="/workspace/react_app/reactapp/src/App.js">
        <metrics statements="1" coveredstatements="1" conditionals="0" coveredconditionals="0" methods="1" coveredmethods="1"/>
        <line num="9" count="2" type="stmt"/>
      </file>
      <file name="index.js" path="/workspace/react_app/reactapp/src/index.js">
        <metrics statements="8" coveredstatements="0" conditionals="8" coveredconditionals="0" methods="3" coveredmethods="0"/>
        <line num="6" count="0" type="stmt"/>
        <line num="7" count="0" type="stmt"/>
        <line num="9" count="0" type="stmt"/>
        <line num="10" count="0" type="cond" truecount="0" falsecount="4"/>
        <line num="11" count="0" type="stmt"/>
        <line num="12" count="0" type="stmt"/>
        <line num="24" count="0" type="stmt"/>
        <line num="25" count="0" type="stmt"/>
      </file>
    </package>
    <package name="src.components">
      <metrics statements="12" coveredstatements="8" conditionals="4" coveredconditionals="2" methods="10" coveredmethods="7"/>
      <file name="About.jsx" path="/workspace/react_app/reactapp/src/components/About.jsx">
        <metrics statements="1" coveredstatements="1" conditionals="0" coveredconditionals="0" methods="1" coveredmethods="1"/>
        <line num="4" count="4" type="stmt"/>
      </file>
      <file name="DarkTheme.js" path="/workspace/react_app/reactapp/src/components/DarkTheme.js">
        <metrics statements="1" coveredstatements="0" conditionals="0" coveredconditionals="0" methods="1" coveredmethods="0"/>
        <line num="4" count="0" type="stmt"/>
      </file>
      <file name="Education.jsx" path="/workspace/react_app/reactapp/src/components/Education.jsx">
        <metrics statements="1" coveredstatements="1" conditionals="0" coveredconditionals="0" methods="1" coveredmethods="1"/>
        <line num="4" count="3" type="stmt"/>
      </file>
      <file name="Experience.jsx" path="/workspace/react_app/reactapp/src/components/Experience.jsx">
        <metrics statements="1" coveredstatements="1" conditionals="0" coveredconditionals="0" methods="1" coveredmethods="1"/>
        <line num="4" count="3" type="stmt"/>
      </file>
      <file name="Header.jsx" path="/workspace/react_app/reactapp/src/components/Header.jsx">
        <metrics statements="3" coveredstatements="3" conditionals="2" coveredconditionals="2" methods="2" coveredmethods="2"/>
        <line num="6" count="2" type="stmt"/>
        <line num="7" count="2" type="stmt"/>
        <line num="13" count="2" type="stmt"/>
      </file>
      <file name="LightTheme.js" path="/workspace/react_app/reactapp/src/components/LightTheme.js">
        <metrics statements="1" coveredstatements="0" conditionals="0" coveredconditionals="0" methods="1" coveredmethods="0"/>
        <line num="4" count="0" type="stmt"/>
      </file>
      <file name="Nav.jsx" path="/workspace/react_app/reactapp/src/components/Nav.jsx">
        <metrics statements="3" coveredstatements="1" conditionals="2" coveredconditionals="0" methods="2" coveredmethods="1"/>
        <line num="6" count="1" type="stmt"/>
        <line num="25" count="0" type="cond" truecount="0" falsecount="2"/>
        <line num="26" count="0" type="stmt"/>
      </file>
      <file name="Skills.jsx" path="/workspace/react_app/reactapp/src/components/Skills.jsx">
        <metrics statements="1" coveredstatements="1" conditionals="0" coveredconditionals="0" methods="1" coveredmethods="1"/>
        <line num="4" count="3" type="stmt"/>
      </file>
    </package>
  </project>
</coverage>
