{"/workspace/react_app/reactapp/src/App.js": {"path":"/workspace/react_app/reactapp/src/App.js","statementMap":{"0":{"start":{"line":9,"column":2},"end":{"line":18,"column":4}}},"fnMap":{"0":{"name":"App","decl":{"start":{"line":8,"column":9},"end":{"line":8,"column":12}},"loc":{"start":{"line":8,"column":15},"end":{"line":19,"column":1}},"line":8}},"branchMap":{},"s":{"0":2},"f":{"0":2},"b":{},"_coverageSchema":"1a1c01bbd47fc00a2c39e90264f33305004495a9","hash":"a0cf603b161d937a095d22c4d79f4c671372993f"}
,"/workspace/react_app/reactapp/src/index.js": {"path":"/workspace/react_app/reactapp/src/index.js","statementMap":{"0":{"start":{"line":6,"column":19},"end":{"line":6,"column":70}},"1":{"start":{"line":6,"column":36},"end":{"line":6,"column":69}},"2":{"start":{"line":7,"column":18},"end":{"line":7,"column":68}},"3":{"start":{"line":7,"column":35},"end":{"line":7,"column":67}},"4":{"start":{"line":9,"column":22},"end":{"line":22,"column":1}},"5":{"start":{"line":10,"column":16},"end":{"line":10,"column":154}},"6":{"start":{"line":11,"column":2},"end":{"line":11,"column":38}},"7":{"start":{"line":12,"column":2},"end":{"line":21,"column":3}},"8":{"start":{"line":24,"column":13},"end":{"line":24,"column":65}},"9":{"start":{"line":25,"column":0},"end":{"line":31,"column":2}}},"fnMap":{"0":{"name":"(anonymous_0)","decl":{"start":{"line":6,"column":30},"end":{"line":6,"column":31}},"loc":{"start":{"line":6,"column":36},"end":{"line":6,"column":69}},"line":6},"1":{"name":"(anonymous_1)","decl":{"start":{"line":7,"column":29},"end":{"line":7,"column":30}},"loc":{"start":{"line":7,"column":35},"end":{"line":7,"column":67}},"line":7},"2":{"name":"(anonymous_2)","decl":{"start":{"line":9,"column":22},"end":{"line":9,"column":23}},"loc":{"start":{"line":9,"column":38},"end":{"line":22,"column":1}},"line":9}},"branchMap":{"0":{"loc":{"start":{"line":10,"column":16},"end":{"line":10,"column":154}},"type":"cond-expr","locations":[{"start":{"line":10,"column":48},"end":{"line":10,"column":77}},{"start":{"line":10,"column":80},"end":{"line":10,"column":154}}],"line":10},"1":{"loc":{"start":{"line":10,"column":80},"end":{"line":10,"column":154}},"type":"cond-expr","locations":[{"start":{"line":10,"column":138},"end":{"line":10,"column":144}},{"start":{"line":10,"column":147},"end":{"line":10,"column":154}}],"line":10},"2":{"loc":{"start":{"line":17,"column":7},"end":{"line":17,"column":40}},"type":"binary-expr","locations":[{"start":{"line":17,"column":7},"end":{"line":17,"column":23}},{"start":{"line":17,"column":27},"end":{"line":17,"column":40}}],"line":17},"3":{"loc":{"start":{"line":18,"column":7},"end":{"line":18,"column":42}},"type":"binary-expr","locations":[{"start":{"line":18,"column":7},"end":{"line":18,"column":24}},{"start":{"line":18,"column":28},"end":{"line":18,"column":42}}],"line":18}},"s":{"0":0,"1":0,"2":0,"3":0,"4":0,"5":0,"6":0,"7":0,"8":0,"9":0},"f":{"0":0,"1":0,"2":0},"b":{"0":[0,0],"1":[0,0],"2":[0,0],"3":[0,0]}}
,"/workspace/react_app/reactapp/src/components/About.jsx": {"path":"/workspace/react_app/reactapp/src/components/About.jsx","statementMap":{"0":{"start":{"line":4,"column":4},"end":{"line":14,"column":5}}},"fnMap":{"0":{"name":"About","decl":{"start":{"line":3,"column":9},"end":{"line":3,"column":14}},"loc":{"start":{"line":3,"column":17},"end":{"line":15,"column":1}},"line":3}},"branchMap":{},"s":{"0":4},"f":{"0":4},"b":{},"_coverageSchema":"1a1c01bbd47fc00a2c39e90264f33305004495a9","hash":"b8da4112bd833e4c67fa298b79978a3d43cdfd5e"}
,"/workspace/react_app/reactapp/src/components/DarkTheme.js": {"path":"/workspace/react_app/reactapp/src/components/DarkTheme.js","statementMap":{"0":{"start":{"line":4,"column":14},"end":{"line":4,"column":25}},"1":{"start":{"line":4,"column":20},"end":{"line":4,"column":25}}},"fnMap":{"0":{"name":"(anonymous_0)","decl":{"start":{"line":4,"column":14},"end":{"line":4,"column":15}},"loc":{"start":{"line":4,"column":20},"end":{"line":4,"column":25}},"line":4}},"branchMap":{},"s":{"0":0,"1":0},"f":{"0":0},"b":{}}
,"/workspace/react_app/reactapp/src/components/Education.jsx": {"path":"/workspace/react_app/reactapp/src/components/Education.jsx","statementMap":{"0":{"start":{"line":4,"column":4},"end":{"line":24,"column":5}}},"fnMap":{"0":{"name":"Education","decl":{"start":{"line":3,"column":9},"end":{"line":3,"column":18}},"loc":{"start":{"line":3,"column":21},"end":{"line":25,"column":1}},"line":3}},"branchMap":{},"s":{"0":3},"f":{"0":3},"b":{},"_coverageSchema":"1a1c01bbd47fc00a2c39e90264f33305004495a9","hash":"acbe1bc5895d88e0ea676f4a661a8d59cbef504d"}
,"/workspace/react_app/reactapp/src/components/Experience.jsx": {"path":"/workspace/react_app/reactapp/src/components/Experience.jsx","statementMap":{"0":{"start":{"line":4,"column":4},"end":{"line":42,"column":5}}},"fnMap":{"0":{"name":"Experience","decl":{"start":{"line":3,"column":9},"end":{"line":3,"column":19}},"loc":{"start":{"line":3,"column":22},"end":{"line":43,"column":1}},"line":3}},"branchMap":{},"s":{"0":3},"f":{"0":3},"b":{},"_coverageSchema":"1a1c01bbd47fc00a2c39e90264f33305004495a9","hash":"1291ba84b942b02f1ea28616f6c32e445b77bc74"}
,"/workspace/react_app/reactapp/src/components/Header.jsx": {"path":"/workspace/react_app/reactapp/src/components/Header.jsx","statementMap":{"0":{"start":{"line":6,"column":8},"end":{"line":6,"column":20}},"1":{"start":{"line":7,"column":8},"end":{"line":9,"column":9}},"2":{"start":{"line":13,"column":8},"end":{"line":19,"column":9}}},"fnMap":{"0":{"name":"(anonymous_0)","decl":{"start":{"line":5,"column":4},"end":{"line":5,"column":5}},"loc":{"start":{"line":5,"column":22},"end":{"line":10,"column":5}},"line":5},"1":{"name":"(anonymous_1)","decl":{"start":{"line":12,"column":4},"end":{"line":12,"column":5}},"loc":{"start":{"line":12,"column":12},"end":{"line":20,"column":5}},"line":12}},"branchMap":{"0":{"loc":{"start":{"line":8,"column":19},"end":{"line":8,"column":93}},"type":"cond-expr","locations":[{"start":{"line":8,"column":77},"end":{"line":8,"column":83}},{"start":{"line":8,"column":86},"end":{"line":8,"column":93}}],"line":8}},"s":{"0":2,"1":2,"2":2},"f":{"0":2,"1":2},"b":{"0":[1,1]},"_coverageSchema":"1a1c01bbd47fc00a2c39e90264f33305004495a9","hash":"7202de76d543e0ee82837b7cb595a10a1566ced9"}
,"/workspace/react_app/reactapp/src/components/LightTheme.js": {"path":"/workspace/react_app/reactapp/src/components/LightTheme.js","statementMap":{"0":{"start":{"line":4,"column":14},"end":{"line":4,"column":25}},"1":{"start":{"line":4,"column":20},"end":{"line":4,"column":25}}},"fnMap":{"0":{"name":"(anonymous_0)","decl":{"start":{"line":4,"column":14},"end":{"line":4,"column":15}},"loc":{"start":{"line":4,"column":20},"end":{"line":4,"column":25}},"line":4}},"branchMap":{},"s":{"0":0,"1":0},"f":{"0":0},"b":{}}
,"/workspace/react_app/reactapp/src/components/Nav.jsx": {"path":"/workspace/react_app/reactapp/src/components/Nav.jsx","statementMap":{"0":{"start":{"line":6,"column":4},"end":{"line":32,"column":5}},"1":{"start":{"line":25,"column":20},"end":{"line":25,"column":111}},"2":{"start":{"line":26,"column":20},"end":{"line":26,"column":44}}},"fnMap":{"0":{"name":"MyNav","decl":{"start":{"line":5,"column":9},"end":{"line":5,"column":14}},"loc":{"start":{"line":5,"column":17},"end":{"line":33,"column":1}},"line":5},"1":{"name":"(anonymous_1)","decl":{"start":{"line":24,"column":48},"end":{"line":24,"column":49}},"loc":{"start":{"line":24,"column":54},"end":{"line":27,"column":17}},"line":24}},"branchMap":{"0":{"loc":{"start":{"line":25,"column":50},"end":{"line":25,"column":109}},"type":"cond-expr","locations":[{"start":{"line":25,"column":93},"end":{"line":25,"column":100}},{"start":{"line":25,"column":103},"end":{"line":25,"column":109}}],"line":25}},"s":{"0":1,"1":0,"2":0},"f":{"0":1,"1":0},"b":{"0":[0,0]},"_coverageSchema":"1a1c01bbd47fc00a2c39e90264f33305004495a9","hash":"fb668a37d9e0e9d1302deac85db2c24320400262"}
,"/workspace/react_app/reactapp/src/components/Skills.jsx": {"path":"/workspace/react_app/reactapp/src/components/Skills.jsx","statementMap":{"0":{"start":{"line":4,"column":4},"end":{"line":39,"column":5}}},"fnMap":{"0":{"name":"Skills","decl":{"start":{"line":3,"column":9},"end":{"line":3,"column":15}},"loc":{"start":{"line":3,"column":18},"end":{"line":40,"column":1}},"line":3}},"branchMap":{},"s":{"0":3},"f":{"0":3},"b":{},"_coverageSchema":"1a1c01bbd47fc00a2c39e90264f33305004495a9","hash":"64251f49eb0fe9d10e99cf038518451467cba19f"}
}
